# JRE version: OpenJDK Runtime Environment Zulu11.64+19-CA (11.0.19+7) (build 11.0.19+7-LTS)
# Java VM: OpenJDK 64-Bit Server VM Zulu11.64+19-CA (11.0.19+7-LTS, mixed mode, tiered, compressed oops, g1 gc, windows-amd64)
Heap:
 garbage-first heap   total 152576K, used 39581K [0x0000000084400000, 0x0000000100000000)
  region size 1024K, 23 young (23552K), 9 survivors (9216K)
 Metaspace       used 66669K, capacity 68116K, committed 68380K, reserved 1110016K
  class space    used 8239K, capacity 8826K, committed 8908K, reserved 1048576K
GC Heap History (20 events):
Event: 0.875 GC heap before
{Heap before GC invocations=1 (full 0):
 garbage-first heap   total 126976K, used 13488K [0x0000000084400000, 0x0000000100000000)
  region size 1024K, 9 young (9216K), 2 survivors (2048K)
 Metaspace       used 11185K, capacity 11410K, committed 11648K, reserved 1060864K
  class space    used 1041K, capacity 1097K, committed 1152K, reserved 1048576K
}
Event: 0.878 GC heap after
{Heap after GC invocations=2 (full 0):
 garbage-first heap   total 126976K, used 6745K [0x0000000084400000, 0x0000000100000000)
  region size 1024K, 1 young (1024K), 1 survivors (1024K)
 Metaspace       used 11185K, capacity 11410K, committed 11648K, reserved 1060864K
  class space    used 1041K, capacity 1097K, committed 1152K, reserved 1048576K
}
Event: 1.501 GC heap before
{Heap before GC invocations=2 (full 0):
 garbage-first heap   total 126976K, used 32345K [0x0000000084400000, 0x0000000100000000)
  region size 1024K, 26 young (26624K), 1 survivors (1024K)
 Metaspace       used 16703K, capacity 17090K, committed 17280K, reserved 1064960K
  class space    used 1695K, capacity 1830K, committed 1920K, reserved 1048576K
}
Event: 1.504 GC heap after
{Heap after GC invocations=3 (full 0):
 garbage-first heap   total 126976K, used 8073K [0x0000000084400000, 0x0000000100000000)
  region size 1024K, 2 young (2048K), 2 survivors (2048K)
 Metaspace       used 16703K, capacity 17090K, committed 17280K, reserved 1064960K
  class space    used 1695K, capacity 1830K, committed 1920K, reserved 1048576K
}
Event: 1.795 GC heap before
{Heap before GC invocations=3 (full 0):
 garbage-first heap   total 126976K, used 28553K [0x0000000084400000, 0x0000000100000000)
  region size 1024K, 24 young (24576K), 2 survivors (2048K)
 Metaspace       used 20651K, capacity 21159K, committed 21296K, reserved 1069056K
  class space    used 2192K, capacity 2382K, committed 2432K, reserved 1048576K
}
Event: 1.798 GC heap after
{Heap after GC invocations=4 (full 0):
 garbage-first heap   total 126976K, used 9006K [0x0000000084400000, 0x0000000100000000)
  region size 1024K, 3 young (3072K), 3 survivors (3072K)
 Metaspace       used 20651K, capacity 21159K, committed 21296K, reserved 1069056K
  class space    used 2192K, capacity 2382K, committed 2432K, reserved 1048576K
}
Event: 2.638 GC heap before
{Heap before GC invocations=5 (full 0):
 garbage-first heap   total 126976K, used 60206K [0x0000000084400000, 0x0000000100000000)
  region size 1024K, 53 young (54272K), 3 survivors (3072K)
 Metaspace       used 26826K, capacity 27540K, committed 27696K, reserved 1073152K
  class space    used 2930K, capacity 3183K, committed 3200K, reserved 1048576K
}
Event: 2.643 GC heap after
{Heap after GC invocations=6 (full 0):
 garbage-first heap   total 126976K, used 10995K [0x0000000084400000, 0x0000000100000000)
  region size 1024K, 5 young (5120K), 5 survivors (5120K)
 Metaspace       used 26826K, capacity 27540K, committed 27696K, reserved 1073152K
  class space    used 2930K, capacity 3183K, committed 3200K, reserved 1048576K
}
Event: 4.238 GC heap before
{Heap before GC invocations=6 (full 0):
 garbage-first heap   total 126976K, used 75507K [0x0000000084400000, 0x0000000100000000)
  region size 1024K, 68 young (69632K), 5 survivors (5120K)
 Metaspace       used 33245K, capacity 34234K, committed 34352K, reserved 1079296K
  class space    used 3814K, capacity 4203K, committed 4224K, reserved 1048576K
}
Event: 4.256 GC heap after
{Heap after GC invocations=7 (full 0):
 garbage-first heap   total 126976K, used 13529K [0x0000000084400000, 0x0000000100000000)
  region size 1024K, 7 young (7168K), 7 survivors (7168K)
 Metaspace       used 33245K, capacity 34234K, committed 34352K, reserved 1079296K
  class space    used 3814K, capacity 4203K, committed 4224K, reserved 1048576K
}
Event: 4.875 GC heap before
{Heap before GC invocations=7 (full 0):
 garbage-first heap   total 126976K, used 22745K [0x0000000084400000, 0x0000000100000000)
  region size 1024K, 17 young (17408K), 7 survivors (7168K)
 Metaspace       used 34948K, capacity 35883K, committed 35920K, reserved 1081344K
  class space    used 3995K, capacity 4348K, committed 4352K, reserved 1048576K
}
Event: 4.889 GC heap after
{Heap after GC invocations=8 (full 0):
 garbage-first heap   total 152576K, used 14756K [0x0000000084400000, 0x0000000100000000)
  region size 1024K, 6 young (6144K), 6 survivors (6144K)
 Metaspace       used 34948K, capacity 35883K, committed 35920K, reserved 1081344K
  class space    used 3995K, capacity 4348K, committed 4352K, reserved 1048576K
}
Event: 6.497 GC heap before
{Heap before GC invocations=9 (full 0):
 garbage-first heap   total 152576K, used 75172K [0x0000000084400000, 0x0000000100000000)
  region size 1024K, 66 young (67584K), 6 survivors (6144K)
 Metaspace       used 45097K, capacity 46180K, committed 46492K, reserved 1089536K
  class space    used 5171K, capacity 5626K, committed 5708K, reserved 1048576K
}
Event: 6.507 GC heap after
{Heap after GC invocations=10 (full 0):
 garbage-first heap   total 152576K, used 18128K [0x0000000084400000, 0x0000000100000000)
  region size 1024K, 8 young (8192K), 8 survivors (8192K)
 Metaspace       used 45097K, capacity 46180K, committed 46492K, reserved 1089536K
  class space    used 5171K, capacity 5626K, committed 5708K, reserved 1048576K
}
Event: 8.161 GC heap before
{Heap before GC invocations=10 (full 0):
 garbage-first heap   total 152576K, used 83664K [0x0000000084400000, 0x0000000100000000)
  region size 1024K, 72 young (73728K), 8 survivors (8192K)
 Metaspace       used 58038K, capacity 59334K, committed 59676K, reserved 1101824K
  class space    used 7231K, capacity 7765K, committed 7884K, reserved 1048576K
}
Event: 8.175 GC heap after
{Heap after GC invocations=11 (full 0):
 garbage-first heap   total 152576K, used 20854K [0x0000000084400000, 0x0000000100000000)
  region size 1024K, 7 young (7168K), 7 survivors (7168K)
 Metaspace       used 58038K, capacity 59334K, committed 59676K, reserved 1101824K
  class space    used 7231K, capacity 7765K, committed 7884K, reserved 1048576K
}
Event: 8.587 GC heap before
{Heap before GC invocations=11 (full 0):
 garbage-first heap   total 152576K, used 30070K [0x0000000084400000, 0x0000000100000000)
  region size 1024K, 17 young (17408K), 7 survivors (7168K)
 Metaspace       used 58869K, capacity 60158K, committed 60316K, reserved 1101824K
  class space    used 7337K, capacity 7886K, committed 8012K, reserved 1048576K
}
Event: 8.594 GC heap after
{Heap after GC invocations=12 (full 0):
 garbage-first heap   total 152576K, used 21610K [0x0000000084400000, 0x0000000100000000)
  region size 1024K, 4 young (4096K), 4 survivors (4096K)
 Metaspace       used 58869K, capacity 60158K, committed 60316K, reserved 1101824K
  class space    used 7337K, capacity 7886K, committed 8012K, reserved 1048576K
}
Event: 90.180 GC heap before
{Heap before GC invocations=13 (full 0):
 garbage-first heap   total 152576K, used 90218K [0x0000000084400000, 0x0000000100000000)
  region size 1024K, 71 young (72704K), 4 survivors (4096K)
 Metaspace       used 66453K, capacity 67922K, committed 68124K, reserved 1107968K
  class space    used 8239K, capacity 8826K, committed 8908K, reserved 1048576K
}
Event: 90.199 GC heap after
{Heap after GC invocations=14 (full 0):
 garbage-first heap   total 152576K, used 26269K [0x0000000084400000, 0x0000000100000000)
  region size 1024K, 9 young (9216K), 9 survivors (9216K)
 Metaspace       used 66453K, capacity 67922K, committed 68124K, reserved 1107968K
  class space    used 8239K, capacity 8826K, committed 8908K, reserved 1048576K
}

