# JRE version: OpenJDK Runtime Environment Zulu11.64+19-CA (11.0.19+7) (build 11.0.19+7-LTS)
# Java VM: OpenJDK 64-Bit Server VM Zulu11.64+19-CA (11.0.19+7-LTS, mixed mode, tiered, compressed oops, g1 gc, windows-amd64)
Heap:
 garbage-first heap   total 126976K, used 49724K [0x0000000084400000, 0x0000000100000000)
  region size 1024K, 44 young (45056K), 3 survivors (3072K)
 Metaspace       used 26237K, capacity 26927K, committed 27184K, reserved 1073152K
  class space    used 2880K, capacity 3132K, committed 3200K, reserved 1048576K
GC Heap History (8 events):
Event: 1.630 GC heap before
{Heap before GC invocations=0 (full 0):
 garbage-first heap   total 126976K, used 14336K [0x0000000084400000, 0x0000000100000000)
  region size 1024K, 14 young (14336K), 0 survivors (0K)
 Metaspace       used 9923K, capacity 10119K, committed 10240K, reserved 1058816K
  class space    used 877K, capacity 942K, committed 1024K, reserved 1048576K
}
Event: 1.637 GC heap after
{Heap after GC invocations=1 (full 0):
 garbage-first heap   total 126976K, used 6320K [0x0000000084400000, 0x0000000100000000)
  region size 1024K, 2 young (2048K), 2 survivors (2048K)
 Metaspace       used 9923K, capacity 10119K, committed 10240K, reserved 1058816K
  class space    used 877K, capacity 942K, committed 1024K, reserved 1048576K
}
Event: 1.761 GC heap before
{Heap before GC invocations=1 (full 0):
 garbage-first heap   total 126976K, used 10416K [0x0000000084400000, 0x0000000100000000)
  region size 1024K, 6 young (6144K), 2 survivors (2048K)
 Metaspace       used 10839K, capacity 11031K, committed 11136K, reserved 1058816K
  class space    used 992K, capacity 1056K, committed 1152K, reserved 1048576K
}
Event: 1.764 GC heap after
{Heap after GC invocations=2 (full 0):
 garbage-first heap   total 126976K, used 6693K [0x0000000084400000, 0x0000000100000000)
  region size 1024K, 1 young (1024K), 1 survivors (1024K)
 Metaspace       used 10839K, capacity 11031K, committed 11136K, reserved 1058816K
  class space    used 992K, capacity 1056K, committed 1152K, reserved 1048576K
}
Event: 2.346 GC heap before
{Heap before GC invocations=2 (full 0):
 garbage-first heap   total 126976K, used 29221K [0x0000000084400000, 0x0000000100000000)
  region size 1024K, 23 young (23552K), 1 survivors (1024K)
 Metaspace       used 15865K, capacity 16247K, committed 16384K, reserved 1064960K
  class space    used 1580K, capacity 1717K, committed 1792K, reserved 1048576K
}
Event: 2.349 GC heap after
{Heap after GC invocations=3 (full 0):
 garbage-first heap   total 126976K, used 7734K [0x0000000084400000, 0x0000000100000000)
  region size 1024K, 2 young (2048K), 2 survivors (2048K)
 Metaspace       used 15865K, capacity 16247K, committed 16384K, reserved 1064960K
  class space    used 1580K, capacity 1717K, committed 1792K, reserved 1048576K
}
Event: 2.775 GC heap before
{Heap before GC invocations=3 (full 0):
 garbage-first heap   total 126976K, used 33334K [0x0000000084400000, 0x0000000100000000)
  region size 1024K, 29 young (29696K), 2 survivors (2048K)
 Metaspace       used 20627K, capacity 21156K, committed 21296K, reserved 1069056K
  class space    used 2184K, capacity 2381K, committed 2432K, reserved 1048576K
}
Event: 2.779 GC heap after
{Heap after GC invocations=4 (full 0):
 garbage-first heap   total 126976K, used 8764K [0x0000000084400000, 0x0000000100000000)
  region size 1024K, 3 young (3072K), 3 survivors (3072K)
 Metaspace       used 20627K, capacity 21156K, committed 21296K, reserved 1069056K
  class space    used 2184K, capacity 2381K, committed 2432K, reserved 1048576K
}

